# JRE version: Java(TM) SE Runtime Environment (8.0_172-b11) (build 1.8.0_172-b11)
# Java VM: Java HotSpot(TM) 64-Bit Server VM (25.172-b11 mixed mode windows-amd64 compressed oops)
Heap:
 PSYoungGen      total 524288K, used 317510K [0x0000000780000000, 0x00000007a3880000, 0x00000007c0000000)
  eden space 482816K, 61% used [0x0000000780000000,0x00000007920253a8,0x000000079d780000)
  from space 41472K, 54% used [0x00000007a1000000,0x00000007a25ec810,0x00000007a3880000)
  to   space 49664K, 0% used [0x000000079d780000,0x000000079d780000,0x00000007a0800000)
 ParOldGen       total 184320K, used 86965K [0x0000000700000000, 0x000000070b400000, 0x0000000780000000)
  object space 184320K, 47% used [0x0000000700000000,0x00000007054ed768,0x000000070b400000)
 Metaspace       used 48759K, capacity 49576K, committed 50088K, reserved 1093632K
  class space    used 6510K, capacity 6789K, committed 6832K, reserved 1048576K
GC Heap History (10 events):
Event: 29.107 GC heap before
{Heap before GC invocations=13 (full 2):
 PSYoungGen      total 284672K, used 269866K [0x0000000780000000, 0x0000000795180000, 0x00000007c0000000)
  eden space 252416K, 99% used [0x0000000780000000,0x000000078f59dd30,0x000000078f680000)
  from space 32256K, 56% used [0x0000000791600000,0x00000007927ece38,0x0000000793580000)
  to   space 32256K, 0% used [0x000000078f680000,0x000000078f680000,0x0000000791600000)
 ParOldGen       total 89600K, used 44641K [0x0000000700000000, 0x0000000705780000, 0x0000000780000000)
  object space 89600K, 49% used [0x0000000700000000,0x0000000702b98558,0x0000000705780000)
 Metaspace       used 46176K, capacity 46854K, committed 47272K, reserved 1089536K
  class space    used 6244K, capacity 6490K, committed 6576K, reserved 1048576K
Event: 29.136 GC heap after
Heap after GC invocations=13 (full 2):
 PSYoungGen      total 284672K, used 30915K [0x0000000780000000, 0x000000079a100000, 0x00000007c0000000)
  eden space 252416K, 0% used [0x0000000780000000,0x0000000780000000,0x000000078f680000)
  from space 32256K, 95% used [0x000000078f680000,0x00000007914b0d90,0x0000000791600000)
  to   space 36352K, 0% used [0x0000000797d80000,0x0000000797d80000,0x000000079a100000)
 ParOldGen       total 89600K, used 44649K [0x0000000700000000, 0x0000000705780000, 0x0000000780000000)
  object space 89600K, 49% used [0x0000000700000000,0x0000000702b9a558,0x0000000705780000)
 Metaspace       used 46176K, capacity 46854K, committed 47272K, reserved 1089536K
  class space    used 6244K, capacity 6490K, committed 6576K, reserved 1048576K
}
Event: 29.415 GC heap before
{Heap before GC invocations=14 (full 2):
 PSYoungGen      total 284672K, used 282144K [0x0000000780000000, 0x000000079a100000, 0x00000007c0000000)
  eden space 252416K, 99% used [0x0000000780000000,0x000000078f557388,0x000000078f680000)
  from space 32256K, 95% used [0x000000078f680000,0x00000007914b0d90,0x0000000791600000)
  to   space 36352K, 0% used [0x0000000797d80000,0x0000000797d80000,0x000000079a100000)
 ParOldGen       total 89600K, used 44649K [0x0000000700000000, 0x0000000705780000, 0x0000000780000000)
  object space 89600K, 49% used [0x0000000700000000,0x0000000702b9a558,0x0000000705780000)
 Metaspace       used 46176K, capacity 46854K, committed 47272K, reserved 1089536K
  class space    used 6244K, capacity 6490K, committed 6576K, reserved 1048576K
Event: 29.461 GC heap after
Heap after GC invocations=14 (full 2):
 PSYoungGen      total 374784K, used 36343K [0x0000000780000000, 0x000000079d000000, 0x00000007c0000000)
  eden space 338432K, 0% used [0x0000000780000000,0x0000000780000000,0x0000000794a80000)
  from space 36352K, 99% used [0x0000000797d80000,0x000000079a0fde88,0x000000079a100000)
  to   space 52224K, 0% used [0x0000000794a80000,0x0000000794a80000,0x0000000797d80000)
 ParOldGen       total 89600K, used 72779K [0x0000000700000000, 0x0000000705780000, 0x0000000780000000)
  object space 89600K, 81% used [0x0000000700000000,0x0000000704712e20,0x0000000705780000)
 Metaspace       used 46176K, capacity 46854K, committed 47272K, reserved 1089536K
  class space    used 6244K, capacity 6490K, committed 6576K, reserved 1048576K
}
Event: 29.461 GC heap before
{Heap before GC invocations=15 (full 3):
 PSYoungGen      total 374784K, used 36343K [0x0000000780000000, 0x000000079d000000, 0x00000007c0000000)
  eden space 338432K, 0% used [0x0000000780000000,0x0000000780000000,0x0000000794a80000)
  from space 36352K, 99% used [0x0000000797d80000,0x000000079a0fde88,0x000000079a100000)
  to   space 52224K, 0% used [0x0000000794a80000,0x0000000794a80000,0x0000000797d80000)
 ParOldGen       total 89600K, used 72779K [0x0000000700000000, 0x0000000705780000, 0x0000000780000000)
  object space 89600K, 81% used [0x0000000700000000,0x0000000704712e20,0x0000000705780000)
 Metaspace       used 46176K, capacity 46854K, committed 47272K, reserved 1089536K
  class space    used 6244K, capacity 6490K, committed 6576K, reserved 1048576K
Event: 29.796 GC heap after
Heap after GC invocations=15 (full 3):
 PSYoungGen      total 374784K, used 0K [0x0000000780000000, 0x000000079d000000, 0x00000007c0000000)
  eden space 338432K, 0% used [0x0000000780000000,0x0000000780000000,0x0000000794a80000)
  from space 36352K, 0% used [0x0000000797d80000,0x0000000797d80000,0x000000079a100000)
  to   space 52224K, 0% used [0x0000000794a80000,0x0000000794a80000,0x0000000797d80000)
 ParOldGen       total 184320K, used 86965K [0x0000000700000000, 0x000000070b400000, 0x0000000780000000)
  object space 184320K, 47% used [0x0000000700000000,0x00000007054ed768,0x000000070b400000)
 Metaspace       used 46161K, capacity 46836K, committed 47272K, reserved 1089536K
  class space    used 6243K, capacity 6488K, committed 6576K, reserved 1048576K
}
Event: 30.232 GC heap before
{Heap before GC invocations=16 (full 3):
 PSYoungGen      total 374784K, used 338279K [0x0000000780000000, 0x000000079d000000, 0x00000007c0000000)
  eden space 338432K, 99% used [0x0000000780000000,0x0000000794a59cc8,0x0000000794a80000)
  from space 36352K, 0% used [0x0000000797d80000,0x0000000797d80000,0x000000079a100000)
  to   space 52224K, 0% used [0x0000000794a80000,0x0000000794a80000,0x0000000797d80000)
 ParOldGen       total 184320K, used 86965K [0x0000000700000000, 0x000000070b400000, 0x0000000780000000)
  object space 184320K, 47% used [0x0000000700000000,0x00000007054ed768,0x000000070b400000)
 Metaspace       used 46161K, capacity 46836K, committed 47272K, reserved 1089536K
  class space    used 6243K, capacity 6488K, committed 6576K, reserved 1048576K
Event: 30.244 GC heap after
Heap after GC invocations=16 (full 3):
 PSYoungGen      total 390656K, used 29048K [0x0000000780000000, 0x00000007a4300000, 0x00000007c0000000)
  eden space 338432K, 0% used [0x0000000780000000,0x0000000780000000,0x0000000794a80000)
  from space 52224K, 55% used [0x0000000794a80000,0x00000007966de350,0x0000000797d80000)
  to   space 52224K, 0% used [0x00000007a1000000,0x00000007a1000000,0x00000007a4300000)
 ParOldGen       total 184320K, used 86965K [0x0000000700000000, 0x000000070b400000, 0x0000000780000000)
  object space 184320K, 47% used [0x0000000700000000,0x00000007054ed768,0x000000070b400000)
 Metaspace       used 46161K, capacity 46836K, committed 47272K, reserved 1089536K
  class space    used 6243K, capacity 6488K, committed 6576K, reserved 1048576K
}
Event: 30.662 GC heap before
{Heap before GC invocations=17 (full 3):
 PSYoungGen      total 390656K, used 366660K [0x0000000780000000, 0x00000007a4300000, 0x00000007c0000000)
  eden space 338432K, 99% used [0x0000000780000000,0x00000007949b3028,0x0000000794a80000)
  from space 52224K, 55% used [0x0000000794a80000,0x00000007966de350,0x0000000797d80000)
  to   space 52224K, 0% used [0x00000007a1000000,0x00000007a1000000,0x00000007a4300000)
 ParOldGen       total 184320K, used 86965K [0x0000000700000000, 0x000000070b400000, 0x0000000780000000)
  object space 184320K, 47% used [0x0000000700000000,0x00000007054ed768,0x000000070b400000)
 Metaspace       used 46161K, capacity 46836K, committed 47272K, reserved 1089536K
  class space    used 6243K, capacity 6488K, committed 6576K, reserved 1048576K
Event: 30.673 GC heap after
Heap after GC invocations=17 (full 3):
 PSYoungGen      total 524288K, used 22450K [0x0000000780000000, 0x00000007a3880000, 0x00000007c0000000)
  eden space 482816K, 0% used [0x0000000780000000,0x0000000780000000,0x000000079d780000)
  from space 41472K, 54% used [0x00000007a1000000,0x00000007a25ec810,0x00000007a3880000)
  to   space 49664K, 0% used [0x000000079d780000,0x000000079d780000,0x00000007a0800000)
 ParOldGen       total 184320K, used 86965K [0x0000000700000000, 0x000000070b400000, 0x0000000780000000)
  object space 184320K, 47% used [0x0000000700000000,0x00000007054ed768,0x000000070b400000)
 Metaspace       used 46161K, capacity 46836K, committed 47272K, reserved 1089536K
  class space    used 6243K, capacity 6488K, committed 6576K, reserved 1048576K
}

