# JRE version: Java(TM) SE Runtime Environment (8.0_172-b11) (build 1.8.0_172-b11)
# Java VM: Java HotSpot(TM) 64-Bit Server VM (25.172-b11 mixed mode windows-amd64 compressed oops)
Heap:
 PSYoungGen      total 435712K, used 170290K [0x0000000780000000, 0x000000079d380000, 0x00000007c0000000)
  eden space 399872K, 37% used [0x0000000780000000,0x0000000789308228,0x0000000798680000)
  from space 35840K, 55% used [0x000000079b080000,0x000000079c3c4708,0x000000079d380000)
  to   space 39424K, 0% used [0x0000000798680000,0x0000000798680000,0x000000079ad00000)
 ParOldGen       total 163328K, used 75549K [0x0000000700000000, 0x0000000709f80000, 0x0000000780000000)
  object space 163328K, 46% used [0x0000000700000000,0x00000007049c7400,0x0000000709f80000)
 Metaspace       used 48584K, capacity 49392K, committed 49752K, reserved 1091584K
  class space    used 6503K, capacity 6753K, committed 6784K, reserved 1048576K
GC Heap History (10 events):
Event: 16.046 GC heap before
{Heap before GC invocations=17 (full 2):
 PSYoungGen      total 271360K, used 262048K [0x0000000780000000, 0x0000000792c00000, 0x00000007c0000000)
  eden space 243200K, 98% used [0x0000000780000000,0x000000078ea06908,0x000000078ed80000)
  from space 28160K, 79% used [0x0000000790b00000,0x00000007920e1a28,0x0000000792680000)
  to   space 30208K, 0% used [0x000000078ed80000,0x000000078ed80000,0x0000000790b00000)
 ParOldGen       total 79360K, used 58629K [0x0000000700000000, 0x0000000704d80000, 0x0000000780000000)
  object space 79360K, 73% used [0x0000000700000000,0x00000007039416f8,0x0000000704d80000)
 Metaspace       used 45963K, capacity 46720K, committed 47192K, reserved 1089536K
  class space    used 6244K, capacity 6489K, committed 6528K, reserved 1048576K
Event: 16.061 GC heap after
Heap after GC invocations=17 (full 2):
 PSYoungGen      total 273408K, used 29304K [0x0000000780000000, 0x0000000798c80000, 0x00000007c0000000)
  eden space 243200K, 0% used [0x0000000780000000,0x0000000780000000,0x000000078ed80000)
  from space 30208K, 97% used [0x000000078ed80000,0x0000000790a1e148,0x0000000790b00000)
  to   space 34304K, 0% used [0x0000000796b00000,0x0000000796b00000,0x0000000798c80000)
 ParOldGen       total 79360K, used 64797K [0x0000000700000000, 0x0000000704d80000, 0x0000000780000000)
  object space 79360K, 81% used [0x0000000700000000,0x0000000703f47718,0x0000000704d80000)
 Metaspace       used 45963K, capacity 46720K, committed 47192K, reserved 1089536K
  class space    used 6244K, capacity 6489K, committed 6528K, reserved 1048576K
}
Event: 16.359 GC heap before
{Heap before GC invocations=18 (full 2):
 PSYoungGen      total 273408K, used 271855K [0x0000000780000000, 0x0000000798c80000, 0x00000007c0000000)
  eden space 243200K, 99% used [0x0000000780000000,0x000000078ecddcf0,0x000000078ed80000)
  from space 30208K, 97% used [0x000000078ed80000,0x0000000790a1e148,0x0000000790b00000)
  to   space 34304K, 0% used [0x0000000796b00000,0x0000000796b00000,0x0000000798c80000)
 ParOldGen       total 79360K, used 64797K [0x0000000700000000, 0x0000000704d80000, 0x0000000780000000)
  object space 79360K, 81% used [0x0000000700000000,0x0000000703f47718,0x0000000704d80000)
 Metaspace       used 45963K, capacity 46720K, committed 47192K, reserved 1089536K
  class space    used 6244K, capacity 6489K, committed 6528K, reserved 1048576K
Event: 16.374 GC heap after
Heap after GC invocations=18 (full 2):
 PSYoungGen      total 365568K, used 34302K [0x0000000780000000, 0x0000000799980000, 0x00000007c0000000)
  eden space 331264K, 0% used [0x0000000780000000,0x0000000780000000,0x0000000794380000)
  from space 34304K, 99% used [0x0000000796b00000,0x0000000798c7f980,0x0000000798c80000)
  to   space 40448K, 0% used [0x0000000794380000,0x0000000794380000,0x0000000796b00000)
 ParOldGen       total 79360K, used 66613K [0x0000000700000000, 0x0000000704d80000, 0x0000000780000000)
  object space 79360K, 83% used [0x0000000700000000,0x000000070410d748,0x0000000704d80000)
 Metaspace       used 45963K, capacity 46720K, committed 47192K, reserved 1089536K
  class space    used 6244K, capacity 6489K, committed 6528K, reserved 1048576K
}
Event: 16.374 GC heap before
{Heap before GC invocations=19 (full 3):
 PSYoungGen      total 365568K, used 34302K [0x0000000780000000, 0x0000000799980000, 0x00000007c0000000)
  eden space 331264K, 0% used [0x0000000780000000,0x0000000780000000,0x0000000794380000)
  from space 34304K, 99% used [0x0000000796b00000,0x0000000798c7f980,0x0000000798c80000)
  to   space 40448K, 0% used [0x0000000794380000,0x0000000794380000,0x0000000796b00000)
 ParOldGen       total 79360K, used 66613K [0x0000000700000000, 0x0000000704d80000, 0x0000000780000000)
  object space 79360K, 83% used [0x0000000700000000,0x000000070410d748,0x0000000704d80000)
 Metaspace       used 45963K, capacity 46720K, committed 47192K, reserved 1089536K
  class space    used 6244K, capacity 6489K, committed 6528K, reserved 1048576K
Event: 16.764 GC heap after
Heap after GC invocations=19 (full 3):
 PSYoungGen      total 365568K, used 0K [0x0000000780000000, 0x0000000799980000, 0x00000007c0000000)
  eden space 331264K, 0% used [0x0000000780000000,0x0000000780000000,0x0000000794380000)
  from space 34304K, 0% used [0x0000000796b00000,0x0000000796b00000,0x0000000798c80000)
  to   space 40448K, 0% used [0x0000000794380000,0x0000000794380000,0x0000000796b00000)
 ParOldGen       total 163328K, used 75533K [0x0000000700000000, 0x0000000709f80000, 0x0000000780000000)
  object space 163328K, 46% used [0x0000000700000000,0x00000007049c3400,0x0000000709f80000)
 Metaspace       used 45948K, capacity 46702K, committed 47192K, reserved 1089536K
  class space    used 6243K, capacity 6487K, committed 6528K, reserved 1048576K
}
Event: 17.136 GC heap before
{Heap before GC invocations=20 (full 3):
 PSYoungGen      total 365568K, used 330955K [0x0000000780000000, 0x0000000799980000, 0x00000007c0000000)
  eden space 331264K, 99% used [0x0000000780000000,0x0000000794332d20,0x0000000794380000)
  from space 34304K, 0% used [0x0000000796b00000,0x0000000796b00000,0x0000000798c80000)
  to   space 40448K, 0% used [0x0000000794380000,0x0000000794380000,0x0000000796b00000)
 ParOldGen       total 163328K, used 75533K [0x0000000700000000, 0x0000000709f80000, 0x0000000780000000)
  object space 163328K, 46% used [0x0000000700000000,0x00000007049c3400,0x0000000709f80000)
 Metaspace       used 45950K, capacity 46702K, committed 47192K, reserved 1089536K
  class space    used 6244K, capacity 6487K, committed 6528K, reserved 1048576K
Event: 17.149 GC heap after
Heap after GC invocations=20 (full 3):
 PSYoungGen      total 371712K, used 25357K [0x0000000780000000, 0x000000079d880000, 0x00000007c0000000)
  eden space 331264K, 0% used [0x0000000780000000,0x0000000780000000,0x0000000794380000)
  from space 40448K, 62% used [0x0000000794380000,0x0000000795c43740,0x0000000796b00000)
  to   space 40960K, 0% used [0x000000079b080000,0x000000079b080000,0x000000079d880000)
 ParOldGen       total 163328K, used 75533K [0x0000000700000000, 0x0000000709f80000, 0x0000000780000000)
  object space 163328K, 46% used [0x0000000700000000,0x00000007049c3400,0x0000000709f80000)
 Metaspace       used 45950K, capacity 46702K, committed 47192K, reserved 1089536K
  class space    used 6244K, capacity 6487K, committed 6528K, reserved 1048576K
}
Event: 17.609 GC heap before
{Heap before GC invocations=21 (full 3):
 PSYoungGen      total 371712K, used 356172K [0x0000000780000000, 0x000000079d880000, 0x00000007c0000000)
  eden space 331264K, 99% used [0x0000000780000000,0x000000079430fbc8,0x0000000794380000)
  from space 40448K, 62% used [0x0000000794380000,0x0000000795c43740,0x0000000796b00000)
  to   space 40960K, 0% used [0x000000079b080000,0x000000079b080000,0x000000079d880000)
 ParOldGen       total 163328K, used 75533K [0x0000000700000000, 0x0000000709f80000, 0x0000000780000000)
  object space 163328K, 46% used [0x0000000700000000,0x00000007049c3400,0x0000000709f80000)
 Metaspace       used 45950K, capacity 46702K, committed 47192K, reserved 1089536K
  class space    used 6244K, capacity 6487K, committed 6528K, reserved 1048576K
Event: 17.622 GC heap after
Heap after GC invocations=21 (full 3):
 PSYoungGen      total 435712K, used 19729K [0x0000000780000000, 0x000000079d380000, 0x00000007c0000000)
  eden space 399872K, 0% used [0x0000000780000000,0x0000000780000000,0x0000000798680000)
  from space 35840K, 55% used [0x000000079b080000,0x000000079c3c4708,0x000000079d380000)
  to   space 39424K, 0% used [0x0000000798680000,0x0000000798680000,0x000000079ad00000)
 ParOldGen       total 163328K, used 75549K [0x0000000700000000, 0x0000000709f80000, 0x0000000780000000)
  object space 163328K, 46% used [0x0000000700000000,0x00000007049c7400,0x0000000709f80000)
 Metaspace       used 45950K, capacity 46702K, committed 47192K, reserved 1089536K
  class space    used 6244K, capacity 6487K, committed 6528K, reserved 1048576K
}

